  FractalDrawer.cpp
E:\CPlusPlusPractice\EscapeTimeFractalGenerator\EscapeTimeFractalGenerator\EscapeTimeFractalGenerator\FractalDrawer.cpp(3,10): warning C4067: unexpected tokens following preprocessor directive - expected a newline
E:\CPlusPlusPractice\EscapeTimeFractalGenerator\EscapeTimeFractalGenerator\EscapeTimeFractalGenerator\FractalDrawer.cpp(4,10): warning C4067: unexpected tokens following preprocessor directive - expected a newline
E:\CPlusPlusPractice\EscapeTimeFractalGenerator\EscapeTimeFractalGenerator\EscapeTimeFractalGenerator\FractalDrawer.cpp(5,10): warning C4067: unexpected tokens following preprocessor directive - expected a newline
E:\CPlusPlusPractice\EscapeTimeFractalGenerator\EscapeTimeFractalGenerator\EscapeTimeFractalGenerator\FractalDrawer.cpp(10,30): warning C4305: 'initializing': truncation from 'double' to 'float'
E:\CPlusPlusPractice\EscapeTimeFractalGenerator\EscapeTimeFractalGenerator\EscapeTimeFractalGenerator\FractalDrawer.cpp(209,14): warning C4244: 'initializing': conversion from 'double' to 'float', possible loss of data
E:\CPlusPlusPractice\EscapeTimeFractalGenerator\EscapeTimeFractalGenerator\EscapeTimeFractalGenerator\FractalDrawer.cpp(288,139): warning C4244: 'argument': conversion from 'T' to 'GLint', possible loss of data
          with
          [
              T=float
          ]
E:\CPlusPlusPractice\EscapeTimeFractalGenerator\EscapeTimeFractalGenerator\EscapeTimeFractalGenerator\FractalDrawer.cpp(288,118): warning C4244: 'argument': conversion from 'T' to 'GLint', possible loss of data
          with
          [
              T=float
          ]
E:\CPlusPlusPractice\EscapeTimeFractalGenerator\EscapeTimeFractalGenerator\EscapeTimeFractalGenerator\FractalDrawer.cpp(288,96): warning C4244: 'argument': conversion from 'T' to 'GLint', possible loss of data
          with
          [
              T=float
          ]
E:\CPlusPlusPractice\EscapeTimeFractalGenerator\EscapeTimeFractalGenerator\EscapeTimeFractalGenerator\FractalDrawer.cpp(288,75): warning C4244: 'argument': conversion from 'T' to 'GLint', possible loss of data
          with
          [
              T=float
          ]
LINK : warning LNK4098: defaultlib 'LIBCMT' conflicts with use of other libs; use /NODEFAULTLIB:library
  Generating code
  83 of 953 functions ( 8.7%) were compiled, the rest were copied from previous compilation.
    81 functions were new in current compilation
    0 functions had inline decision re-evaluated but remain unchanged
  Finished generating code
glew32s.lib(glew.obj) : warning LNK4099: PDB 'vc120.pdb' was not found with 'glew32s.lib(glew.obj)' or at 'E:\CPlusPlusPractice\EscapeTimeFractalGenerator\EscapeTimeFractalGenerator\x64\Release\vc120.pdb'; linking object as if no debug info
  EscapeTimeFractalGenerator.vcxproj -> E:\CPlusPlusPractice\EscapeTimeFractalGenerator\EscapeTimeFractalGenerator\x64\Release\EscapeTimeFractalGenerator.exe
